#
# There is insufficient memory for the Java Runtime Environment to continue.
# Native memory allocation (malloc) failed to allocate 1591376 bytes for Chunk::new
# Possible reasons:
#   The system is out of physical RAM or swap space
#   In 32 bit mode, the process size limit was hit
# Possible solutions:
#   Reduce memory load on the system
#   Increase physical memory or swap space
#   Check if swap backing store is full
#   Use 64 bit Java on a 64 bit OS
#   Decrease Java heap size (-Xmx/-Xms)
#   Decrease number of Java threads
#   Decrease Java thread stack sizes (-Xss)
#   Set larger code cache with -XX:ReservedCodeCacheSize=
# This output file may be truncated or incomplete.
#
#  Out of Memory Error (allocation.cpp:390), pid=29492, tid=27952
#
# JRE version: Java(TM) SE Runtime Environment (8.0_20-b26) (build 1.8.0_20-b26)
# Java VM: Java HotSpot(TM) 64-Bit Server VM (25.20-b23 mixed mode windows-amd64 compressed oops)
# Failed to write core dump. Minidumps are not enabled by default on client versions of Windows
#

---------------  T H R E A D  ---------------

Current thread (0x000000001477c000):  JavaThread "C2 CompilerThread0" daemon [_thread_in_native, id=27952, stack(0x0000000015ce0000,0x0000000015de0000)]

Stack: [0x0000000015ce0000,0x0000000015de0000]
Native frames: (J=compiled Java code, j=interpreted, Vv=VM code, C=native code)
V  [jvm.dll+0x3152fa]
V  [jvm.dll+0x265d03]
V  [jvm.dll+0x266943]
V  [jvm.dll+0x25e265]
V  [jvm.dll+0xbe255]
V  [jvm.dll+0xbe6fc]
V  [jvm.dll+0x45c472]
V  [jvm.dll+0x49d76f]
V  [jvm.dll+0x451045]
V  [jvm.dll+0x452634]
V  [jvm.dll+0x435fc2]
V  [jvm.dll+0x97b62]
V  [jvm.dll+0x98353]
V  [jvm.dll+0x22aac4]
V  [jvm.dll+0x283f5a]
C  [msvcr100.dll+0x21d9f]
C  [msvcr100.dll+0x21e3b]
C  [KERNEL32.DLL+0x13d2]
C  [ntdll.dll+0x15454]


Current CompileTask:
C2:   2476 1364   !   4       com.android.dx.cf.code.BytecodeArray::parseInstruction (2764 bytes)


---------------  P R O C E S S  ---------------

Java Threads: ( => current thread )
  0x0000000016436000 JavaThread "pool-1-thread-4" [_thread_blocked, id=26684, stack(0x00000000169e0000,0x0000000016ae0000)]
  0x0000000016431000 JavaThread "pool-1-thread-3" [_thread_blocked, id=27280, stack(0x00000000168e0000,0x00000000169e0000)]
  0x000000001642f000 JavaThread "pool-1-thread-2" [_thread_blocked, id=26564, stack(0x00000000167e0000,0x00000000168e0000)]
  0x0000000016422800 JavaThread "pool-2-thread-1" [_thread_blocked, id=29584, stack(0x00000000166e0000,0x00000000167e0000)]
  0x0000000016422000 JavaThread "pool-1-thread-1" [_thread_blocked, id=28656, stack(0x00000000165e0000,0x00000000166e0000)]
  0x00000000147da800 JavaThread "Service Thread" daemon [_thread_blocked, id=24784, stack(0x0000000015fe0000,0x00000000160e0000)]
  0x00000000147d3800 JavaThread "C1 CompilerThread2" daemon [_thread_blocked, id=29496, stack(0x0000000015ee0000,0x0000000015fe0000)]
  0x00000000147cd000 JavaThread "C2 CompilerThread1" daemon [_thread_blocked, id=29652, stack(0x0000000015de0000,0x0000000015ee0000)]
=>0x000000001477c000 JavaThread "C2 CompilerThread0" daemon [_thread_in_native, id=27952, stack(0x0000000015ce0000,0x0000000015de0000)]
  0x000000001477a800 JavaThread "Attach Listener" daemon [_thread_blocked, id=26952, stack(0x0000000015be0000,0x0000000015ce0000)]
  0x0000000014779000 JavaThread "Signal Dispatcher" daemon [_thread_blocked, id=22292, stack(0x0000000015ae0000,0x0000000015be0000)]
  0x0000000002086000 JavaThread "Finalizer" daemon [_thread_blocked, id=29648, stack(0x00000000159e0000,0x0000000015ae0000)]
  0x000000000207d000 JavaThread "Reference Handler" daemon [_thread_blocked, id=28948, stack(0x00000000158e0000,0x00000000159e0000)]
  0x0000000001f90800 JavaThread "main" [_thread_blocked, id=29024, stack(0x0000000001e70000,0x0000000001f70000)]

Other Threads:
  0x0000000014745800 VMThread [stack: 0x00000000157e0000,0x00000000158e0000] [id=27672]
  0x00000000147dd000 WatcherThread [stack: 0x00000000160e0000,0x00000000161e0000] [id=21532]

VM state:at safepoint (normal execution)

VM Mutex/Monitor currently owned by a thread:  ([mutex/lock_event])
[0x0000000001f8c170] Threads_lock - owner thread: 0x0000000014745800
[0x0000000001f8c0f0] Heap_lock - owner thread: 0x0000000016431000

Heap:
 PSYoungGen      total 38400K, used 38378K [0x00000000eab00000, 0x00000000ed580000, 0x0000000100000000)
  eden space 33280K, 100% used [0x00000000eab00000,0x00000000ecb80000,0x00000000ecb80000)
  from space 5120K, 99% used [0x00000000ecb80000,0x00000000ed07aad8,0x00000000ed080000)
  to   space 5120K, 82% used [0x00000000ed080000,0x00000000ed4a1c98,0x00000000ed580000)
 ParOldGen       total 87552K, used 1505K [0x00000000c0000000, 0x00000000c5580000, 0x00000000eab00000)
  object space 87552K, 1% used [0x00000000c0000000,0x00000000c01784a8,0x00000000c5580000)
 Metaspace       used 6052K, capacity 7088K, committed 7296K, reserved 1056768K
  class space    used 584K, capacity 616K, committed 640K, reserved 1048576K

Card table byte_map: [0x0000000011450000,0x0000000011660000] byte_map_base: 0x0000000010e50000

Marking Bits: (ParMarkBitMap*) 0x00000000599fb460
 Begin Bits: [0x0000000011bc0000, 0x0000000012bc0000)
 End Bits:   [0x0000000012bc0000, 0x0000000013bc0000)

Polling page: 0x0000000001e30000

CodeCache: size=245760Kb used=6011Kb max_used=6011Kb free=239748Kb
 bounds [0x0000000002090000, 0x0000000002680000, 0x0000000011090000]
 total_blobs=1762 nmethods=1498 adapters=178
 compilation: enabled

Compilation events (10 events):
Event: 2.326 Thread 0x00000000147d3800 nmethod 1397 0x000000000261c850 code [0x000000000261c9c0, 0x000000000261cd08]
Event: 2.326 Thread 0x00000000147d3800 1398       3       com.android.dx.ssa.back.FirstFitLocalCombiningAllocator$1::<init> (10 bytes)
Event: 2.327 Thread 0x00000000147d3800 nmethod 1398 0x000000000260a710 code [0x000000000260a860, 0x000000000260aa30]
Event: 2.327 Thread 0x00000000147d3800 1404       1       com.android.dx.cf.attrib.InnerClassList$Item::getOuterClass (5 bytes)
Event: 2.327 Thread 0x00000000147d3800 nmethod 1404 0x0000000002605e10 code [0x0000000002605f60, 0x0000000002606070]
Event: 2.327 Thread 0x00000000147d3800 1405       1       com.android.dx.cf.direct.AttributeListParser::setObserver (6 bytes)
Event: 2.327 Thread 0x00000000147d3800 nmethod 1405 0x000000000261ce50 code [0x000000000261cfa0, 0x000000000261d0d0]
Event: 2.328 Thread 0x00000000147d3800 1407   !   3       com.android.dx.cf.code.Ropper::doit (126 bytes)
Event: 2.329 Thread 0x00000000147d3800 nmethod 1407 0x000000000261d150 code [0x000000000261d440, 0x000000000261e878]
Event: 2.330 Thread 0x00000000147d3800 1408       3       com.android.dx.rop.code.Rops::opReturn (89 bytes)

GC Heap History (2 events):
Event: 2.125 GC heap before
{Heap before GC invocations=1 (full 0):
 PSYoungGen      total 38400K, used 33280K [0x00000000eab00000, 0x00000000ed580000, 0x0000000100000000)
  eden space 33280K, 100% used [0x00000000eab00000,0x00000000ecb80000,0x00000000ecb80000)
  from space 5120K, 0% used [0x00000000ed080000,0x00000000ed080000,0x00000000ed580000)
  to   space 5120K, 0% used [0x00000000ecb80000,0x00000000ecb80000,0x00000000ed080000)
 ParOldGen       total 87552K, used 0K [0x00000000c0000000, 0x00000000c5580000, 0x00000000eab00000)
  object space 87552K, 0% used [0x00000000c0000000,0x00000000c0000000,0x00000000c5580000)
 Metaspace       used 5929K, capacity 7024K, committed 7296K, reserved 1056768K
  class space    used 583K, capacity 616K, committed 640K, reserved 1048576K
Event: 2.264 GC heap after
Heap after GC invocations=1 (full 0):
 PSYoungGen      total 38400K, used 5098K [0x00000000eab00000, 0x00000000ed580000, 0x0000000100000000)
  eden space 33280K, 0% used [0x00000000eab00000,0x00000000eab00000,0x00000000ecb80000)
  from space 5120K, 99% used [0x00000000ecb80000,0x00000000ed07aad8,0x00000000ed080000)
  to   space 5120K, 0% used [0x00000000ed080000,0x00000000ed080000,0x00000000ed580000)
 ParOldGen       total 87552K, used 1497K [0x00000000c0000000, 0x00000000c5580000, 0x00000000eab00000)
  object space 87552K, 1% used [0x00000000c0000000,0x00000000c01764a8,0x00000000c5580000)
 Metaspace       used 5929K, capacity 7024K, committed 7296K, reserved 1056768K
  class space    used 583K, capacity 616K, committed 640K, reserved 1048576K
}

Deoptimization events (8 events):
Event: 1.823 Thread 0x000000001642f000 Uncommon trap: reason=class_check action=maybe_recompile pc=0x0000000002387f2c method=com.android.dx.ssa.NormalSsaInsn.accept(Lcom/android/dx/ssa/SsaInsn$Visitor;)V @ 9
Event: 1.823 Thread 0x000000001642f000 Uncommon trap: reason=class_check action=maybe_recompile pc=0x0000000002387f2c method=com.android.dx.ssa.NormalSsaInsn.accept(Lcom/android/dx/ssa/SsaInsn$Visitor;)V @ 9
Event: 1.823 Thread 0x000000001642f000 Uncommon trap: reason=class_check action=maybe_recompile pc=0x0000000002387f2c method=com.android.dx.ssa.NormalSsaInsn.accept(Lcom/android/dx/ssa/SsaInsn$Visitor;)V @ 9
Event: 1.823 Thread 0x000000001642f000 Uncommon trap: reason=class_check action=maybe_recompile pc=0x0000000002387f2c method=com.android.dx.ssa.NormalSsaInsn.accept(Lcom/android/dx/ssa/SsaInsn$Visitor;)V @ 9
Event: 1.823 Thread 0x000000001642f000 Uncommon trap: reason=class_check action=maybe_recompile pc=0x0000000002309bb0 method=com.android.dx.ssa.NormalSsaInsn.accept(Lcom/android/dx/ssa/SsaInsn$Visitor;)V @ 9
Event: 1.918 Thread 0x0000000001f90800 Uncommon trap: reason=null_check action=make_not_entrant pc=0x000000000240bc24 method=com.android.dx.rop.type.Type.equals(Ljava/lang/Object;)Z @ 8
Event: 1.919 Thread 0x0000000001f90800 Uncommon trap: reason=null_check action=make_not_entrant pc=0x000000000245f264 method=com.android.dx.ssa.SsaRenamer.getLocalForNewReg(I)Lcom/android/dx/rop/code/LocalItem; @ 19
Event: 1.919 Thread 0x0000000001f90800 Uncommon trap: reason=null_check action=make_not_entrant pc=0x0000000002447ab8 method=com.android.dx.ssa.SsaRenamer.getLocalForNewReg(I)Lcom/android/dx/rop/code/LocalItem; @ 19

Internal exceptions (10 events):
Event: 1.594 Thread 0x000000001642f000 Exception <a 'java/security/PrivilegedActionException'> (0x00000000eb332e88) thrown at [D:\re\workspace\8-2-build-windows-amd64-cygwin\jdk8u20\1074\hotspot\src\share\vm\prims\jvm.cpp, line 1275]
Event: 1.668 Thread 0x0000000001f90800 Exception <a 'java/security/PrivilegedActionException'> (0x00000000eb51ddb8) thrown at [D:\re\workspace\8-2-build-windows-amd64-cygwin\jdk8u20\1074\hotspot\src\share\vm\prims\jvm.cpp, line 1275]
Event: 1.675 Thread 0x000000001642f000 Exception <a 'java/security/PrivilegedActionException'> (0x00000000eb3662b0) thrown at [D:\re\workspace\8-2-build-windows-amd64-cygwin\jdk8u20\1074\hotspot\src\share\vm\prims\jvm.cpp, line 1275]
Event: 1.811 Thread 0x000000001642f000 Exception <a 'java/security/PrivilegedActionException'> (0x00000000ebab4228) thrown at [D:\re\workspace\8-2-build-windows-amd64-cygwin\jdk8u20\1074\hotspot\src\share\vm\prims\jvm.cpp, line 1275]
Event: 1.907 Thread 0x0000000001f90800 Exception <a 'java/security/PrivilegedActionException'> (0x00000000ebde7af8) thrown at [D:\re\workspace\8-2-build-windows-amd64-cygwin\jdk8u20\1074\hotspot\src\share\vm\prims\jvm.cpp, line 1275]
Event: 1.918 Thread 0x0000000001f90800 Implicit null exception at 0x000000000240bb22 to 0x000000000240bc15
Event: 1.919 Thread 0x0000000001f90800 Implicit null exception at 0x000000000245dd46 to 0x000000000245f241
Event: 1.919 Thread 0x0000000001f90800 Implicit null exception at 0x0000000002446553 to 0x0000000002447a7d
Event: 2.039 Thread 0x0000000001f90800 Exception <a 'java/security/PrivilegedActionException'> (0x00000000ec3ee278) thrown at [D:\re\workspace\8-2-build-windows-amd64-cygwin\jdk8u20\1074\hotspot\src\share\vm\prims\jvm.cpp, line 1275]
Event: 2.328 Thread 0x0000000001f90800 Exception <a 'java/security/PrivilegedActionException'> (0x00000000eb4b3a10) thrown at [D:\re\workspace\8-2-build-windows-amd64-cygwin\jdk8u20\1074\hotspot\src\share\vm\prims\jvm.cpp, line 1275]

Events (10 events):
Event: 2.039 loading class com/android/dx/cf/attrib/AttLocalVariableTypeTable
Event: 2.039 loading class com/android/dx/cf/attrib/AttLocalVariableTypeTable done
Event: 2.073 Executing VM operation: ForceSafepoint
Event: 2.080 Executing VM operation: ForceSafepoint done
Event: 2.123 Executing VM operation: ParallelGCFailedAllocation
Event: 2.264 Executing VM operation: ParallelGCFailedAllocation done
Event: 2.269 loading class sun/misc/Cleaner
Event: 2.269 loading class sun/misc/Cleaner done
Event: 2.328 loading class com/android/dx/cf/attrib/AttExceptions
Event: 2.328 loading class com/android/dx/cf/attrib/AttExceptions done


Dynamic libraries:
0x00007ff638d10000 - 0x00007ff638d44000 	C:\Program Files\Java\jdk1.8.0_20\bin\java.exe
0x00007ffee1e40000 - 0x00007ffee1fec000 	C:\WINDOWS\SYSTEM32\ntdll.dll
0x00007ffedffc0000 - 0x00007ffee00fe000 	C:\WINDOWS\system32\KERNEL32.DLL
0x00007ffedf0d0000 - 0x00007ffedf1e5000 	C:\WINDOWS\system32\KERNELBASE.dll
0x00007ffeddb40000 - 0x00007ffeddbce000 	C:\WINDOWS\system32\apphelp.dll
0x00007ffecd6d0000 - 0x00007ffecd723000 	C:\WINDOWS\AppPatch\AppPatch64\AcGenral.DLL
0x00007ffee1760000 - 0x00007ffee180a000 	C:\WINDOWS\system32\msvcrt.dll
0x00007ffedee40000 - 0x00007ffedee6e000 	C:\WINDOWS\SYSTEM32\SspiCli.dll
0x00007ffedfd50000 - 0x00007ffedfda4000 	C:\WINDOWS\system32\SHLWAPI.dll
0x00007ffedfe40000 - 0x00007ffedffb7000 	C:\WINDOWS\system32\USER32.dll
0x00007ffedf7e0000 - 0x00007ffedf974000 	C:\WINDOWS\system32\ole32.dll
0x00007ffee0160000 - 0x00007ffee1679000 	C:\WINDOWS\system32\SHELL32.dll
0x00007ffede5c0000 - 0x00007ffede5e1000 	C:\WINDOWS\SYSTEM32\USERENV.dll
0x00007ffee1d90000 - 0x00007ffee1e3a000 	C:\WINDOWS\system32\ADVAPI32.dll
0x00007ffece5d0000 - 0x00007ffece5ee000 	C:\WINDOWS\SYSTEM32\MPR.dll
0x00007ffee1c40000 - 0x00007ffee1d81000 	C:\WINDOWS\system32\RPCRT4.dll
0x00007ffedfba0000 - 0x00007ffedfbf9000 	C:\WINDOWS\SYSTEM32\sechost.dll
0x00007ffedf980000 - 0x00007ffedfb91000 	C:\WINDOWS\SYSTEM32\combase.dll
0x00007ffedfc00000 - 0x00007ffedfd4f000 	C:\WINDOWS\system32\GDI32.dll
0x00007ffedefa0000 - 0x00007ffedefb5000 	C:\WINDOWS\SYSTEM32\profapi.dll
0x00007ffedd4f0000 - 0x00007ffedd5a2000 	C:\WINDOWS\SYSTEM32\SHCORE.dll
0x00007ffee1810000 - 0x00007ffee1846000 	C:\WINDOWS\system32\IMM32.DLL
0x00007ffee1920000 - 0x00007ffee1a72000 	C:\WINDOWS\system32\MSCTF.dll
0x00007ffedcbd0000 - 0x00007ffedce4a000 	C:\WINDOWS\WinSxS\amd64_microsoft.windows.common-controls_6595b64144ccf1df_6.0.9600.17810_none_6240b9c7ecbd0bda\COMCTL32.dll
0x0000000058d70000 - 0x0000000058e42000 	C:\Program Files\Java\jdk1.8.0_20\jre\bin\msvcr100.dll
0x0000000059220000 - 0x0000000059a78000 	C:\Program Files\Java\jdk1.8.0_20\jre\bin\server\jvm.dll
0x00007ffed5c30000 - 0x00007ffed5c39000 	C:\WINDOWS\SYSTEM32\WSOCK32.dll
0x00007ffedb400000 - 0x00007ffedb422000 	C:\WINDOWS\SYSTEM32\WINMM.dll
0x00007ffedf7d0000 - 0x00007ffedf7d7000 	C:\WINDOWS\system32\PSAPI.DLL
0x00007ffee0100000 - 0x00007ffee015a000 	C:\WINDOWS\system32\WS2_32.dll
0x00007ffedb350000 - 0x00007ffedb37a000 	C:\WINDOWS\SYSTEM32\WINMMBASE.dll
0x00007ffee1740000 - 0x00007ffee1749000 	C:\WINDOWS\system32\NSI.dll
0x00007ffedf2a0000 - 0x00007ffedf2ef000 	C:\WINDOWS\SYSTEM32\cfgmgr32.dll
0x00007ffeddd90000 - 0x00007ffedddb8000 	C:\WINDOWS\SYSTEM32\DEVOBJ.dll
0x0000000059210000 - 0x000000005921f000 	C:\Program Files\Java\jdk1.8.0_20\jre\bin\verify.dll
0x00000000591e0000 - 0x0000000059208000 	C:\Program Files\Java\jdk1.8.0_20\jre\bin\java.dll
0x00000000591c0000 - 0x00000000591d6000 	C:\Program Files\Java\jdk1.8.0_20\jre\bin\zip.dll
0x00007ffeda0a0000 - 0x00007ffeda229000 	C:\WINDOWS\SYSTEM32\dbghelp.dll

VM Arguments:
jvm_args: -Xmx1024M -Dfile.encoding=windows-1252 -Duser.country=US -Duser.language=en -Duser.variant 
java_command: com.android.dx.command.Main --dex --num-threads=4 --output C:\Users\Paopao\AndroidStudioProjects\TriathlonRegistration\app\build\intermediates\pre-dexed\debug\internal_impl-23.0.1-316a501686732ef755a8afbbd810957768c749a7.jar C:\Users\Paopao\AndroidStudioProjects\TriathlonRegistration\app\build\intermediates\exploded-aar\com.android.support\support-v4\23.0.1\jars\libs\internal_impl-23.0.1.jar
java_class_path (initial): C:\Users\Paopao\AppData\Local\Android\sdk\build-tools\23.0.1\lib\dx.jar
Launcher Type: SUN_STANDARD

Environment Variables:
JAVA_HOME=C:\Program Files\Java\jdk1.8.0_20
PATH=C:\Program Files (x86)\NVIDIA Corporation\PhysX\Common;C:\ProgramData\Oracle\Java\javapath;C:\Program Files\Broadcom\Broadcom 802.11 Network Adapter;;C:\Program Files (x86)\Intel\iCLS Client\;C:\Program Files\Intel\iCLS Client\;C:\WINDOWS\system32;C:\WINDOWS;C:\WINDOWS\System32\Wbem;C:\WINDOWS\System32\WindowsPowerShell\v1.0\;C:\Program Files\WIDCOMM\Bluetooth Software\;C:\Program Files\WIDCOMM\Bluetooth Software\syswow64;C:\Program Files\Intel\Intel(R) Management Engine Components\DAL;C:\Program Files\Intel\Intel(R) Management Engine Components\IPT;C:\Program Files (x86)\Intel\Intel(R) Management Engine Components\DAL;C:\Program Files (x86)\Intel\Intel(R) Management Engine Components\IPT
USERNAME=Paopao
OS=Windows_NT
PROCESSOR_IDENTIFIER=Intel64 Family 6 Model 60 Stepping 3, GenuineIntel



---------------  S Y S T E M  ---------------

OS: Windows 8.1 , 64 bit Build 9600 

CPU:total 4 (4 cores per cpu, 1 threads per core) family 6 model 60 stepping 3, cmov, cx8, fxsr, mmx, sse, sse2, sse3, ssse3, sse4.1, sse4.2, popcnt, avx, avx2, aes, clmul, erms, lzcnt, tsc, tscinvbit, bmi1, bmi2

Memory: 4k page, physical 8313708k(779712k free), swap 11459436k(6108k free)

vm_info: Java HotSpot(TM) 64-Bit Server VM (25.20-b23) for windows-amd64 JRE (1.8.0_20-b26), built on Jul 30 2014 13:51:23 by "java_re" with MS VC++ 10.0 (VS2010)

time: Sat Oct 03 06:42:14 2015
elapsed time: 2 seconds (0d 0h 0m 2s)

