#
# There is insufficient memory for the Java Runtime Environment to continue.
# Native memory allocation (malloc) failed to allocate 1048576 bytes for AllocateHeap
# Possible reasons:
#   The system is out of physical RAM or swap space
#   In 32 bit mode, the process size limit was hit
# Possible solutions:
#   Reduce memory load on the system
#   Increase physical memory or swap space
#   Check if swap backing store is full
#   Use 64 bit Java on a 64 bit OS
#   Decrease Java heap size (-Xmx/-Xms)
#   Decrease number of Java threads
#   Decrease Java thread stack sizes (-Xss)
#   Set larger code cache with -XX:ReservedCodeCacheSize=
# This output file may be truncated or incomplete.
#
#  Out of Memory Error (memory/allocation.inline.hpp:62), pid=29196, tid=28668
#
# JRE version:  (8.0_20-b26) (build )
# Java VM: Java HotSpot(TM) 64-Bit Server VM (25.20-b23 mixed mode windows-amd64 compressed oops)
# Failed to write core dump. Minidumps are not enabled by default on client versions of Windows
#

---------------  T H R E A D  ---------------

Current thread (0x0000000002070800):  JavaThread "Unknown thread" [_thread_in_vm, id=28668, stack(0x0000000000810000,0x0000000000910000)]

Stack: [0x0000000000810000,0x0000000000910000]
Native frames: (J=compiled Java code, j=interpreted, Vv=VM code, C=native code)
V  [jvm.dll+0x3152fa]
V  [jvm.dll+0x265d03]
V  [jvm.dll+0x266943]
V  [jvm.dll+0x25e265]
V  [jvm.dll+0x25d2bf]
V  [jvm.dll+0x3d4dec]
V  [jvm.dll+0x3d0637]
V  [jvm.dll+0xe4472]
V  [jvm.dll+0x1f8a09]
V  [jvm.dll+0x229fc4]
V  [jvm.dll+0x14c6f1]
C  [java.exe+0x20b6]
C  [java.exe+0xc9bb]
C  [java.exe+0xca4f]
C  [KERNEL32.DLL+0x13d2]
C  [ntdll.dll+0x15454]


---------------  P R O C E S S  ---------------

Java Threads: ( => current thread )

Other Threads:

=>0x0000000002070800 (exited) JavaThread "Unknown thread" [_thread_in_vm, id=28668, stack(0x0000000000810000,0x0000000000910000)]

VM state:not at safepoint (normal execution)

VM Mutex/Monitor currently owned by a thread: None

Heap:
 PSYoungGen      total 38400K, used 665K [0x00000000eab00000, 0x00000000ed580000, 0x0000000100000000)
  eden space 33280K, 2% used [0x00000000eab00000,0x00000000eaba6670,0x00000000ecb80000)
  from space 5120K, 0% used [0x00000000ed080000,0x00000000ed080000,0x00000000ed580000)
  to   space 5120K, 0% used [0x00000000ecb80000,0x00000000ecb80000,0x00000000ed080000)
 ParOldGen       total 87552K, used 0K [0x00000000c0000000, 0x00000000c5580000, 0x00000000eab00000)
  object space 87552K, 0% used [0x00000000c0000000,0x00000000c0000000,0x00000000c5580000)
 Metaspace       used 674K, capacity 4480K, committed 4480K, reserved 1056768K
  class space    used 66K, capacity 384K, committed 384K, reserved 1048576K

Card table byte_map: [0x00000000115e0000,0x00000000117f0000] byte_map_base: 0x0000000010fe0000

Marking Bits: (ParMarkBitMap*) 0x00000000599fb460
 Begin Bits: [0x0000000011d50000, 0x0000000012d50000)
 End Bits:   [0x0000000012d50000, 0x0000000013d50000)

Polling page: 0x0000000000700000

CodeCache: size=245760Kb used=327Kb max_used=327Kb free=245432Kb
 bounds [0x0000000002220000, 0x0000000002490000, 0x0000000011220000]
 total_blobs=56 nmethods=0 adapters=37
 compilation: enabled

Compilation events (0 events):
No events

GC Heap History (0 events):
No events

Deoptimization events (0 events):
No events

Internal exceptions (0 events):
No events

Events (10 events):
Event: 0.065 loading class java/lang/Short
Event: 0.065 loading class java/lang/Short done
Event: 0.065 loading class java/lang/Integer
Event: 0.065 loading class java/lang/Integer done
Event: 0.065 loading class java/lang/Long
Event: 0.065 loading class java/lang/Long done
Event: 0.066 loading class java/lang/NullPointerException
Event: 0.066 loading class java/lang/NullPointerException done
Event: 0.066 loading class java/lang/ArithmeticException
Event: 0.066 loading class java/lang/ArithmeticException done


Dynamic libraries:
0x00007ff638d10000 - 0x00007ff638d44000 	C:\Program Files\Java\jdk1.8.0_20\bin\java.exe
0x00007ffee1e40000 - 0x00007ffee1fec000 	C:\WINDOWS\SYSTEM32\ntdll.dll
0x00007ffedffc0000 - 0x00007ffee00fe000 	C:\WINDOWS\system32\KERNEL32.DLL
0x00007ffedf0d0000 - 0x00007ffedf1e5000 	C:\WINDOWS\system32\KERNELBASE.dll
0x00007ffeddb40000 - 0x00007ffeddbce000 	C:\WINDOWS\system32\apphelp.dll
0x00007ffecd6d0000 - 0x00007ffecd723000 	C:\WINDOWS\AppPatch\AppPatch64\AcGenral.DLL
0x00007ffee1760000 - 0x00007ffee180a000 	C:\WINDOWS\system32\msvcrt.dll
0x00007ffedee40000 - 0x00007ffedee6e000 	C:\WINDOWS\SYSTEM32\SspiCli.dll
0x00007ffedfd50000 - 0x00007ffedfda4000 	C:\WINDOWS\system32\SHLWAPI.dll
0x00007ffedfe40000 - 0x00007ffedffb7000 	C:\WINDOWS\system32\USER32.dll
0x00007ffedf7e0000 - 0x00007ffedf974000 	C:\WINDOWS\system32\ole32.dll
0x00007ffee0160000 - 0x00007ffee1679000 	C:\WINDOWS\system32\SHELL32.dll
0x00007ffede5c0000 - 0x00007ffede5e1000 	C:\WINDOWS\SYSTEM32\USERENV.dll
0x00007ffee1d90000 - 0x00007ffee1e3a000 	C:\WINDOWS\system32\ADVAPI32.dll
0x00007ffece5d0000 - 0x00007ffece5ee000 	C:\WINDOWS\SYSTEM32\MPR.dll
0x00007ffee1c40000 - 0x00007ffee1d81000 	C:\WINDOWS\system32\RPCRT4.dll
0x00007ffedfba0000 - 0x00007ffedfbf9000 	C:\WINDOWS\SYSTEM32\sechost.dll
0x00007ffedf980000 - 0x00007ffedfb91000 	C:\WINDOWS\SYSTEM32\combase.dll
0x00007ffedfc00000 - 0x00007ffedfd4f000 	C:\WINDOWS\system32\GDI32.dll
0x00007ffedefa0000 - 0x00007ffedefb5000 	C:\WINDOWS\SYSTEM32\profapi.dll
0x00007ffedd4f0000 - 0x00007ffedd5a2000 	C:\WINDOWS\SYSTEM32\SHCORE.dll
0x00007ffee1810000 - 0x00007ffee1846000 	C:\WINDOWS\system32\IMM32.DLL
0x00007ffee1920000 - 0x00007ffee1a72000 	C:\WINDOWS\system32\MSCTF.dll
0x00007ffedcbd0000 - 0x00007ffedce4a000 	C:\WINDOWS\WinSxS\amd64_microsoft.windows.common-controls_6595b64144ccf1df_6.0.9600.17810_none_6240b9c7ecbd0bda\COMCTL32.dll
0x0000000058d70000 - 0x0000000058e42000 	C:\Program Files\Java\jdk1.8.0_20\jre\bin\msvcr100.dll
0x0000000059220000 - 0x0000000059a78000 	C:\Program Files\Java\jdk1.8.0_20\jre\bin\server\jvm.dll
0x00007ffed5c30000 - 0x00007ffed5c39000 	C:\WINDOWS\SYSTEM32\WSOCK32.dll
0x00007ffedb400000 - 0x00007ffedb422000 	C:\WINDOWS\SYSTEM32\WINMM.dll
0x00007ffedf7d0000 - 0x00007ffedf7d7000 	C:\WINDOWS\system32\PSAPI.DLL
0x00007ffee0100000 - 0x00007ffee015a000 	C:\WINDOWS\system32\WS2_32.dll
0x00007ffedb350000 - 0x00007ffedb37a000 	C:\WINDOWS\SYSTEM32\WINMMBASE.dll
0x00007ffee1740000 - 0x00007ffee1749000 	C:\WINDOWS\system32\NSI.dll
0x00007ffedf2a0000 - 0x00007ffedf2ef000 	C:\WINDOWS\SYSTEM32\cfgmgr32.dll
0x00007ffeddd90000 - 0x00007ffedddb8000 	C:\WINDOWS\SYSTEM32\DEVOBJ.dll
0x0000000059210000 - 0x000000005921f000 	C:\Program Files\Java\jdk1.8.0_20\jre\bin\verify.dll
0x00000000591e0000 - 0x0000000059208000 	C:\Program Files\Java\jdk1.8.0_20\jre\bin\java.dll
0x00000000591c0000 - 0x00000000591d6000 	C:\Program Files\Java\jdk1.8.0_20\jre\bin\zip.dll
0x00007ffeda0a0000 - 0x00007ffeda229000 	C:\WINDOWS\SYSTEM32\dbghelp.dll

VM Arguments:
jvm_args: -Xmx1024M -Dfile.encoding=windows-1252 -Duser.country=US -Duser.language=en -Duser.variant 
java_command: com.android.dx.command.Main --dex --num-threads=4 --output C:\Users\Paopao\AndroidStudioProjects\TriathlonRegistration\app\build\intermediates\pre-dexed\debug\support-annotations-23.0.1-2f7201f06acc8d8b282b70910473219e331e02fa.jar C:\Users\Paopao\AppData\Local\Android\sdk\extras\android\m2repository\com\android\support\support-annotations\23.0.1\support-annotations-23.0.1.jar
java_class_path (initial): C:\Users\Paopao\AppData\Local\Android\sdk\build-tools\23.0.1\lib\dx.jar
Launcher Type: SUN_STANDARD

Environment Variables:
JAVA_HOME=C:\Program Files\Java\jdk1.8.0_20
PATH=C:\Program Files (x86)\NVIDIA Corporation\PhysX\Common;C:\ProgramData\Oracle\Java\javapath;C:\Program Files\Broadcom\Broadcom 802.11 Network Adapter;;C:\Program Files (x86)\Intel\iCLS Client\;C:\Program Files\Intel\iCLS Client\;C:\WINDOWS\system32;C:\WINDOWS;C:\WINDOWS\System32\Wbem;C:\WINDOWS\System32\WindowsPowerShell\v1.0\;C:\Program Files\WIDCOMM\Bluetooth Software\;C:\Program Files\WIDCOMM\Bluetooth Software\syswow64;C:\Program Files\Intel\Intel(R) Management Engine Components\DAL;C:\Program Files\Intel\Intel(R) Management Engine Components\IPT;C:\Program Files (x86)\Intel\Intel(R) Management Engine Components\DAL;C:\Program Files (x86)\Intel\Intel(R) Management Engine Components\IPT
USERNAME=Paopao
OS=Windows_NT
PROCESSOR_IDENTIFIER=Intel64 Family 6 Model 60 Stepping 3, GenuineIntel



---------------  S Y S T E M  ---------------

OS: Windows 8.1 , 64 bit Build 9600 

CPU:total 4 (4 cores per cpu, 1 threads per core) family 6 model 60 stepping 3, cmov, cx8, fxsr, mmx, sse, sse2, sse3, ssse3, sse4.1, sse4.2, popcnt, avx, avx2, aes, clmul, erms, lzcnt, tsc, tscinvbit, bmi1, bmi2

Memory: 4k page, physical 8313708k(853700k free), swap 11459436k(194096k free)

vm_info: Java HotSpot(TM) 64-Bit Server VM (25.20-b23) for windows-amd64 JRE (1.8.0_20-b26), built on Jul 30 2014 13:51:23 by "java_re" with MS VC++ 10.0 (VS2010)

time: Sat Oct 03 06:45:17 2015
elapsed time: 0 seconds (0d 0h 0m 0s)

