#
# There is insufficient memory for the Java Runtime Environment to continue.
# Native memory allocation (malloc) failed to allocate 1587456 bytes for Chunk::new
# Possible reasons:
#   The system is out of physical RAM or swap space
#   In 32 bit mode, the process size limit was hit
# Possible solutions:
#   Reduce memory load on the system
#   Increase physical memory or swap space
#   Check if swap backing store is full
#   Use 64 bit Java on a 64 bit OS
#   Decrease Java heap size (-Xmx/-Xms)
#   Decrease number of Java threads
#   Decrease Java thread stack sizes (-Xss)
#   Set larger code cache with -XX:ReservedCodeCacheSize=
# This output file may be truncated or incomplete.
#
#  Out of Memory Error (allocation.cpp:390), pid=29200, tid=29516
#
# JRE version: Java(TM) SE Runtime Environment (8.0_20-b26) (build 1.8.0_20-b26)
# Java VM: Java HotSpot(TM) 64-Bit Server VM (25.20-b23 mixed mode windows-amd64 compressed oops)
# Failed to write core dump. Minidumps are not enabled by default on client versions of Windows
#

---------------  T H R E A D  ---------------

Current thread (0x000000001533e000):  JavaThread "C2 CompilerThread1" daemon [_thread_in_native, id=29516, stack(0x0000000016950000,0x0000000016a50000)]

Stack: [0x0000000016950000,0x0000000016a50000]
Native frames: (J=compiled Java code, j=interpreted, Vv=VM code, C=native code)
V  [jvm.dll+0x3152fa]
V  [jvm.dll+0x265d03]
V  [jvm.dll+0x266943]
V  [jvm.dll+0x25e265]
V  [jvm.dll+0xbe255]
V  [jvm.dll+0xbe6fc]
V  [jvm.dll+0x45c472]
V  [jvm.dll+0x49d76f]
V  [jvm.dll+0x451045]
V  [jvm.dll+0x452634]
V  [jvm.dll+0x435fc2]
V  [jvm.dll+0x97b62]
V  [jvm.dll+0x98353]
V  [jvm.dll+0x22aac4]
V  [jvm.dll+0x283f5a]
C  [msvcr100.dll+0x21d9f]
C  [msvcr100.dll+0x21e3b]
C  [KERNEL32.DLL+0x13d2]
C  [ntdll.dll+0x15454]


Current CompileTask:
C2:   6191 1839       4       com.android.dx.rop.code.Rops::ropFor (771 bytes)


---------------  P R O C E S S  ---------------

Java Threads: ( => current thread )
  0x0000000016fad000 JavaThread "pool-1-thread-4" [_thread_blocked, id=29048, stack(0x0000000017550000,0x0000000017650000)]
  0x0000000016fac800 JavaThread "pool-1-thread-3" [_thread_blocked, id=29212, stack(0x0000000017450000,0x0000000017550000)]
  0x0000000016faa000 JavaThread "pool-1-thread-2" [_thread_blocked, id=29528, stack(0x0000000017350000,0x0000000017450000)]
  0x0000000016fa8000 JavaThread "pool-2-thread-1" [_thread_blocked, id=29412, stack(0x0000000017250000,0x0000000017350000)]
  0x0000000016fa2000 JavaThread "pool-1-thread-1" [_thread_in_Java, id=14520, stack(0x0000000017150000,0x0000000017250000)]
  0x0000000015348000 JavaThread "Service Thread" daemon [_thread_blocked, id=26016, stack(0x0000000016b50000,0x0000000016c50000)]
  0x0000000015341000 JavaThread "C1 CompilerThread2" daemon [_thread_blocked, id=28692, stack(0x0000000016a50000,0x0000000016b50000)]
=>0x000000001533e000 JavaThread "C2 CompilerThread1" daemon [_thread_in_native, id=29516, stack(0x0000000016950000,0x0000000016a50000)]
  0x00000000152f9000 JavaThread "C2 CompilerThread0" daemon [_thread_in_vm, id=20596, stack(0x0000000016850000,0x0000000016950000)]
  0x00000000152f7800 JavaThread "Attach Listener" daemon [_thread_blocked, id=28796, stack(0x0000000016750000,0x0000000016850000)]
  0x00000000152f5800 JavaThread "Signal Dispatcher" daemon [_thread_blocked, id=25816, stack(0x0000000016650000,0x0000000016750000)]
  0x00000000152b7800 JavaThread "Finalizer" daemon [_thread_blocked, id=29508, stack(0x0000000016550000,0x0000000016650000)]
  0x0000000002bed000 JavaThread "Reference Handler" daemon [_thread_blocked, id=29476, stack(0x0000000016450000,0x0000000016550000)]
  0x0000000002b00800 JavaThread "main" [_thread_blocked, id=28928, stack(0x0000000002a00000,0x0000000002b00000)]

Other Threads:
  0x00000000152b5800 VMThread [stack: 0x0000000016350000,0x0000000016450000] [id=29404]
  0x000000001534b000 WatcherThread [stack: 0x0000000016c50000,0x0000000016d50000] [id=28840]

VM state:not at safepoint (normal execution)

VM Mutex/Monitor currently owned by a thread: None

Heap:
 PSYoungGen      total 71680K, used 38827K [0x00000000eab00000, 0x00000000ef600000, 0x0000000100000000)
  eden space 66560K, 50% used [0x00000000eab00000,0x00000000ecbf1608,0x00000000eec00000)
  from space 5120K, 99% used [0x00000000eec00000,0x00000000ef0f98d0,0x00000000ef100000)
  to   space 5120K, 0% used [0x00000000ef100000,0x00000000ef100000,0x00000000ef600000)
 ParOldGen       total 87552K, used 14880K [0x00000000c0000000, 0x00000000c5580000, 0x00000000eab00000)
  object space 87552K, 16% used [0x00000000c0000000,0x00000000c0e880c0,0x00000000c5580000)
 Metaspace       used 6242K, capacity 7154K, committed 7296K, reserved 1056768K
  class space    used 605K, capacity 618K, committed 640K, reserved 1048576K

Card table byte_map: [0x0000000011fc0000,0x00000000121d0000] byte_map_base: 0x00000000119c0000

Marking Bits: (ParMarkBitMap*) 0x00000000599fb460
 Begin Bits: [0x0000000012730000, 0x0000000013730000)
 End Bits:   [0x0000000013730000, 0x0000000014730000)

Polling page: 0x0000000002980000

CodeCache: size=245760Kb used=8516Kb max_used=8557Kb free=237243Kb
 bounds [0x0000000002c00000, 0x0000000003470000, 0x0000000011c00000]
 total_blobs=2060 nmethods=1795 adapters=178
 compilation: enabled

Compilation events (10 events):
Event: 5.980 Thread 0x000000001533e000 nmethod 1849 0x0000000003432a90 code [0x0000000003432fe0, 0x0000000003436fa8]
Event: 5.980 Thread 0x000000001533e000 1887       4       java.util.ArrayList::remove (77 bytes)
Event: 5.984 Thread 0x000000001533e000 nmethod 1887 0x000000000342f450 code [0x000000000342f5a0, 0x000000000342f938]
Event: 5.984 Thread 0x000000001533e000 1874       4       com.android.dx.ssa.Dominators::compress (229 bytes)
Event: 6.010 Thread 0x000000001533e000 nmethod 1874 0x000000000343e490 code [0x000000000343e6a0, 0x000000000343f430]
Event: 6.010 Thread 0x000000001533e000 1860       4       com.android.dx.cf.code.RopperMachine::jopToRopOpcode (1103 bytes)
Event: 6.020 Thread 0x000000001533e000 nmethod 1860 0x000000000342d990 code [0x000000000342e300, 0x000000000342ebd8]
Event: 6.020 Thread 0x000000001533e000 1853       4       com.android.dx.ssa.SsaMethod::forEachBlockDepthFirst (194 bytes)
Event: 6.143 Thread 0x000000001533e000 nmethod 1853 0x00000000034450d0 code [0x0000000003445400, 0x0000000003447d60]
Event: 6.143 Thread 0x000000001533e000 1839       4       com.android.dx.rop.code.Rops::ropFor (771 bytes)

GC Heap History (6 events):
Event: 1.216 GC heap before
{Heap before GC invocations=1 (full 0):
 PSYoungGen      total 38400K, used 33280K [0x00000000eab00000, 0x00000000ed580000, 0x0000000100000000)
  eden space 33280K, 100% used [0x00000000eab00000,0x00000000ecb80000,0x00000000ecb80000)
  from space 5120K, 0% used [0x00000000ed080000,0x00000000ed080000,0x00000000ed580000)
  to   space 5120K, 0% used [0x00000000ecb80000,0x00000000ecb80000,0x00000000ed080000)
 ParOldGen       total 87552K, used 0K [0x00000000c0000000, 0x00000000c5580000, 0x00000000eab00000)
  object space 87552K, 0% used [0x00000000c0000000,0x00000000c0000000,0x00000000c5580000)
 Metaspace       used 5922K, capacity 6960K, committed 7040K, reserved 1056768K
  class space    used 584K, capacity 616K, committed 640K, reserved 1048576K
Event: 1.435 GC heap after
Heap after GC invocations=1 (full 0):
 PSYoungGen      total 38400K, used 5104K [0x00000000eab00000, 0x00000000ef600000, 0x0000000100000000)
  eden space 33280K, 0% used [0x00000000eab00000,0x00000000eab00000,0x00000000ecb80000)
  from space 5120K, 99% used [0x00000000ecb80000,0x00000000ed07c2d8,0x00000000ed080000)
  to   space 5120K, 0% used [0x00000000ef100000,0x00000000ef100000,0x00000000ef600000)
 ParOldGen       total 87552K, used 1269K [0x00000000c0000000, 0x00000000c5580000, 0x00000000eab00000)
  object space 87552K, 1% used [0x00000000c0000000,0x00000000c013d598,0x00000000c5580000)
 Metaspace       used 5922K, capacity 6960K, committed 7040K, reserved 1056768K
  class space    used 584K, capacity 616K, committed 640K, reserved 1048576K
}
Event: 1.816 GC heap before
{Heap before GC invocations=2 (full 0):
 PSYoungGen      total 38400K, used 38384K [0x00000000eab00000, 0x00000000ef600000, 0x0000000100000000)
  eden space 33280K, 100% used [0x00000000eab00000,0x00000000ecb80000,0x00000000ecb80000)
  from space 5120K, 99% used [0x00000000ecb80000,0x00000000ed07c2d8,0x00000000ed080000)
  to   space 5120K, 0% used [0x00000000ef100000,0x00000000ef100000,0x00000000ef600000)
 ParOldGen       total 87552K, used 1269K [0x00000000c0000000, 0x00000000c5580000, 0x00000000eab00000)
  object space 87552K, 1% used [0x00000000c0000000,0x00000000c013d598,0x00000000c5580000)
 Metaspace       used 6148K, capacity 7090K, committed 7296K, reserved 1056768K
  class space    used 604K, capacity 618K, committed 640K, reserved 1048576K
Event: 2.020 GC heap after
Heap after GC invocations=2 (full 0):
 PSYoungGen      total 71680K, used 5093K [0x00000000eab00000, 0x00000000ef600000, 0x0000000100000000)
  eden space 66560K, 0% used [0x00000000eab00000,0x00000000eab00000,0x00000000eec00000)
  from space 5120K, 99% used [0x00000000ef100000,0x00000000ef5f97e8,0x00000000ef600000)
  to   space 5120K, 0% used [0x00000000eec00000,0x00000000eec00000,0x00000000ef100000)
 ParOldGen       total 87552K, used 5492K [0x00000000c0000000, 0x00000000c5580000, 0x00000000eab00000)
  object space 87552K, 6% used [0x00000000c0000000,0x00000000c055d150,0x00000000c5580000)
 Metaspace       used 6148K, capacity 7090K, committed 7296K, reserved 1056768K
  class space    used 604K, capacity 618K, committed 640K, reserved 1048576K
}
Event: 4.015 GC heap before
{Heap before GC invocations=3 (full 0):
 PSYoungGen      total 71680K, used 71653K [0x00000000eab00000, 0x00000000ef600000, 0x0000000100000000)
  eden space 66560K, 100% used [0x00000000eab00000,0x00000000eec00000,0x00000000eec00000)
  from space 5120K, 99% used [0x00000000ef100000,0x00000000ef5f97e8,0x00000000ef600000)
  to   space 5120K, 0% used [0x00000000eec00000,0x00000000eec00000,0x00000000ef100000)
 ParOldGen       total 87552K, used 5492K [0x00000000c0000000, 0x00000000c5580000, 0x00000000eab00000)
  object space 87552K, 6% used [0x00000000c0000000,0x00000000c055d150,0x00000000c5580000)
 Metaspace       used 6224K, capacity 7154K, committed 7296K, reserved 1056768K
  class space    used 605K, capacity 618K, committed 640K, reserved 1048576K
Event: 4.729 GC heap after
Heap after GC invocations=3 (full 0):
 PSYoungGen      total 71680K, used 5094K [0x00000000eab00000, 0x00000000ef600000, 0x0000000100000000)
  eden space 66560K, 0% used [0x00000000eab00000,0x00000000eab00000,0x00000000eec00000)
  from space 5120K, 99% used [0x00000000eec00000,0x00000000ef0f98d0,0x00000000ef100000)
  to   space 5120K, 0% used [0x00000000ef100000,0x00000000ef100000,0x00000000ef600000)
 ParOldGen       total 87552K, used 14880K [0x00000000c0000000, 0x00000000c5580000, 0x00000000eab00000)
  object space 87552K, 16% used [0x00000000c0000000,0x00000000c0e880c0,0x00000000c5580000)
 Metaspace       used 6224K, capacity 7154K, committed 7296K, reserved 1056768K
  class space    used 605K, capacity 618K, committed 640K, reserved 1048576K
}

Deoptimization events (10 events):
Event: 2.130 Thread 0x0000000016fad000 Uncommon trap: reason=unreached action=reinterpret pc=0x000000000311eb3c method=java.util.HashMap.putVal(ILjava/lang/Object;Ljava/lang/Object;ZZ)Ljava/lang/Object; @ 109
Event: 2.145 Thread 0x0000000002b00800 Uncommon trap: reason=null_check action=make_not_entrant pc=0x000000000327662c method=com.android.dx.ssa.SsaRenamer.getLocalForNewReg(I)Lcom/android/dx/rop/code/LocalItem; @ 19
Event: 2.461 Thread 0x0000000016fac800 Uncommon trap: reason=bimorphic action=maybe_recompile pc=0x00000000032aec88 method=com.android.dx.cf.code.BytecodeArray.parseInstruction(ILcom/android/dx/cf/code/BytecodeArray$Visitor;)I @ 1501
Event: 2.461 Thread 0x0000000016fac800 Uncommon trap: reason=bimorphic action=maybe_recompile pc=0x00000000032aec88 method=com.android.dx.cf.code.BytecodeArray.parseInstruction(ILcom/android/dx/cf/code/BytecodeArray$Visitor;)I @ 1501
Event: 3.671 Thread 0x0000000016fac800 Uncommon trap: reason=bimorphic action=maybe_recompile pc=0x00000000031939d0 method=com.android.dx.ssa.LiteralOpUpgrader.tryReplacingWithConstant(Lcom/android/dx/ssa/NormalSsaInsn;)Z @ 62
Event: 3.753 Thread 0x0000000016fac800 Uncommon trap: reason=bimorphic action=maybe_recompile pc=0x00000000031939d0 method=com.android.dx.ssa.LiteralOpUpgrader.tryReplacingWithConstant(Lcom/android/dx/ssa/NormalSsaInsn;)Z @ 62
Event: 3.754 Thread 0x0000000016faa000 Uncommon trap: reason=unreached action=reinterpret pc=0x0000000003120b0c method=com.android.dx.ssa.MoveParamCombiner$1.visitNonMoveInsn(Lcom/android/dx/ssa/NormalSsaInsn;)V @ 27
Event: 3.996 Thread 0x0000000016fac800 Uncommon trap: reason=bimorphic action=maybe_recompile pc=0x00000000032fd984 method=com.android.dx.cf.code.BytecodeArray.parseInstruction(ILcom/android/dx/cf/code/BytecodeArray$Visitor;)I @ 1130
Event: 3.996 Thread 0x0000000016fac800 Uncommon trap: reason=bimorphic action=maybe_recompile pc=0x00000000032fd984 method=com.android.dx.cf.code.BytecodeArray.parseInstruction(ILcom/android/dx/cf/code/BytecodeArray$Visitor;)I @ 1130
Event: 4.880 Thread 0x0000000002b00800 Uncommon trap: reason=unreached action=reinterpret pc=0x000000000334a51c method=com.android.dx.rop.code.LocalVariableExtractor.processBlock(I)V @ 195

Internal exceptions (10 events):
Event: 0.785 Thread 0x0000000002b00800 Exception <a 'java/security/PrivilegedActionException'> (0x00000000ec038010) thrown at [D:\re\workspace\8-2-build-windows-amd64-cygwin\jdk8u20\1074\hotspot\src\share\vm\prims\jvm.cpp, line 1275]
Event: 0.785 Thread 0x0000000002b00800 Exception <a 'java/security/PrivilegedActionException'> (0x00000000ec03a810) thrown at [D:\re\workspace\8-2-build-windows-amd64-cygwin\jdk8u20\1074\hotspot\src\share\vm\prims\jvm.cpp, line 1275]
Event: 0.794 Thread 0x0000000016fad000 Exception <a 'java/security/PrivilegedActionException'> (0x00000000ec0b0fc0) thrown at [D:\re\workspace\8-2-build-windows-amd64-cygwin\jdk8u20\1074\hotspot\src\share\vm\prims\jvm.cpp, line 1275]
Event: 0.831 Thread 0x0000000002b00800 Exception <a 'java/security/PrivilegedActionException'> (0x00000000ec402450) thrown at [D:\re\workspace\8-2-build-windows-amd64-cygwin\jdk8u20\1074\hotspot\src\share\vm\prims\jvm.cpp, line 1275]
Event: 1.718 Thread 0x0000000002b00800 Exception <a 'java/lang/ArrayIndexOutOfBoundsException': 18> (0x00000000ecac6598) thrown at [D:\re\workspace\8-2-build-windows-amd64-cygwin\jdk8u20\1074\hotspot\src\share\vm\interpreter\interpreterRuntime.cpp, line 366]
Event: 1.719 Thread 0x0000000002b00800 Exception <a 'java/lang/ArrayIndexOutOfBoundsException'> (0x00000000ecac8030) thrown at [D:\re\workspace\8-2-build-windows-amd64-cygwin\jdk8u20\1074\hotspot\src\share\vm\runtime\sharedRuntime.cpp, line 604]
Event: 1.719 Thread 0x0000000002b00800 Exception <a 'java/lang/ArrayIndexOutOfBoundsException'> (0x00000000ecac9248) thrown at [D:\re\workspace\8-2-build-windows-amd64-cygwin\jdk8u20\1074\hotspot\src\share\vm\runtime\sharedRuntime.cpp, line 604]
Event: 2.031 Thread 0x0000000016fac800 Exception <a 'java/security/PrivilegedActionException'> (0x00000000eb1253c0) thrown at [D:\re\workspace\8-2-build-windows-amd64-cygwin\jdk8u20\1074\hotspot\src\share\vm\prims\jvm.cpp, line 1275]
Event: 2.143 Thread 0x0000000002b00800 Exception <a 'java/security/PrivilegedActionException'> (0x00000000ecf9a310) thrown at [D:\re\workspace\8-2-build-windows-amd64-cygwin\jdk8u20\1074\hotspot\src\share\vm\prims\jvm.cpp, line 1275]
Event: 2.145 Thread 0x0000000002b00800 Implicit null exception at 0x0000000003273464 to 0x0000000003276621

Events (10 events):
Event: 4.880 Thread 0x0000000002b00800 DEOPT PACKING pc=0x000000000334a51c sp=0x0000000002afe7a0
Event: 4.880 Thread 0x0000000002b00800 DEOPT UNPACKING pc=0x0000000002c4556a sp=0x0000000002afe780 mode 2
Event: 5.647 Thread 0x0000000002b00800 DEOPT PACKING pc=0x0000000002f3a92c sp=0x0000000002afe5f0
Event: 5.647 Thread 0x0000000002b00800 DEOPT UNPACKING pc=0x0000000002c475bf sp=0x0000000002afe370 mode 0
Event: 5.768 Thread 0x0000000002b00800 DEOPT PACKING pc=0x0000000002fbc101 sp=0x0000000002afe520
Event: 5.768 Thread 0x0000000002b00800 DEOPT UNPACKING pc=0x0000000002c475bf sp=0x0000000002afe350 mode 0
Event: 5.774 Thread 0x0000000002b00800 DEOPT PACKING pc=0x0000000003287821 sp=0x0000000002afea60
Event: 5.774 Thread 0x0000000002b00800 DEOPT UNPACKING pc=0x0000000002c475bf sp=0x0000000002afe868 mode 0
Event: 5.810 Thread 0x0000000016fa2000 DEOPT PACKING pc=0x0000000002fbc101 sp=0x000000001724e640
Event: 5.810 Thread 0x0000000016fa2000 DEOPT UNPACKING pc=0x0000000002c475bf sp=0x000000001724e470 mode 0


Dynamic libraries:
0x00007ff638d10000 - 0x00007ff638d44000 	C:\Program Files\Java\jdk1.8.0_20\bin\java.exe
0x00007ffee1e40000 - 0x00007ffee1fec000 	C:\WINDOWS\SYSTEM32\ntdll.dll
0x00007ffedffc0000 - 0x00007ffee00fe000 	C:\WINDOWS\system32\KERNEL32.DLL
0x00007ffedf0d0000 - 0x00007ffedf1e5000 	C:\WINDOWS\system32\KERNELBASE.dll
0x00007ffeddb40000 - 0x00007ffeddbce000 	C:\WINDOWS\system32\apphelp.dll
0x00007ffecd6d0000 - 0x00007ffecd723000 	C:\WINDOWS\AppPatch\AppPatch64\AcGenral.DLL
0x00007ffee1760000 - 0x00007ffee180a000 	C:\WINDOWS\system32\msvcrt.dll
0x00007ffedee40000 - 0x00007ffedee6e000 	C:\WINDOWS\SYSTEM32\SspiCli.dll
0x00007ffedfd50000 - 0x00007ffedfda4000 	C:\WINDOWS\system32\SHLWAPI.dll
0x00007ffedfe40000 - 0x00007ffedffb7000 	C:\WINDOWS\system32\USER32.dll
0x00007ffedf7e0000 - 0x00007ffedf974000 	C:\WINDOWS\system32\ole32.dll
0x00007ffee0160000 - 0x00007ffee1679000 	C:\WINDOWS\system32\SHELL32.dll
0x00007ffede5c0000 - 0x00007ffede5e1000 	C:\WINDOWS\SYSTEM32\USERENV.dll
0x00007ffee1d90000 - 0x00007ffee1e3a000 	C:\WINDOWS\system32\ADVAPI32.dll
0x00007ffece5d0000 - 0x00007ffece5ee000 	C:\WINDOWS\SYSTEM32\MPR.dll
0x00007ffee1c40000 - 0x00007ffee1d81000 	C:\WINDOWS\system32\RPCRT4.dll
0x00007ffedfba0000 - 0x00007ffedfbf9000 	C:\WINDOWS\SYSTEM32\sechost.dll
0x00007ffedf980000 - 0x00007ffedfb91000 	C:\WINDOWS\SYSTEM32\combase.dll
0x00007ffedfc00000 - 0x00007ffedfd4f000 	C:\WINDOWS\system32\GDI32.dll
0x00007ffedefa0000 - 0x00007ffedefb5000 	C:\WINDOWS\SYSTEM32\profapi.dll
0x00007ffedd4f0000 - 0x00007ffedd5a2000 	C:\WINDOWS\SYSTEM32\SHCORE.dll
0x00007ffee1810000 - 0x00007ffee1846000 	C:\WINDOWS\system32\IMM32.DLL
0x00007ffee1920000 - 0x00007ffee1a72000 	C:\WINDOWS\system32\MSCTF.dll
0x00007ffedcbd0000 - 0x00007ffedce4a000 	C:\WINDOWS\WinSxS\amd64_microsoft.windows.common-controls_6595b64144ccf1df_6.0.9600.17810_none_6240b9c7ecbd0bda\COMCTL32.dll
0x0000000058d70000 - 0x0000000058e42000 	C:\Program Files\Java\jdk1.8.0_20\jre\bin\msvcr100.dll
0x0000000059220000 - 0x0000000059a78000 	C:\Program Files\Java\jdk1.8.0_20\jre\bin\server\jvm.dll
0x00007ffed5c30000 - 0x00007ffed5c39000 	C:\WINDOWS\SYSTEM32\WSOCK32.dll
0x00007ffedb400000 - 0x00007ffedb422000 	C:\WINDOWS\SYSTEM32\WINMM.dll
0x00007ffedf7d0000 - 0x00007ffedf7d7000 	C:\WINDOWS\system32\PSAPI.DLL
0x00007ffee0100000 - 0x00007ffee015a000 	C:\WINDOWS\system32\WS2_32.dll
0x00007ffedb350000 - 0x00007ffedb37a000 	C:\WINDOWS\SYSTEM32\WINMMBASE.dll
0x00007ffee1740000 - 0x00007ffee1749000 	C:\WINDOWS\system32\NSI.dll
0x00007ffedf2a0000 - 0x00007ffedf2ef000 	C:\WINDOWS\SYSTEM32\cfgmgr32.dll
0x00007ffeddd90000 - 0x00007ffedddb8000 	C:\WINDOWS\SYSTEM32\DEVOBJ.dll
0x0000000059210000 - 0x000000005921f000 	C:\Program Files\Java\jdk1.8.0_20\jre\bin\verify.dll
0x00000000591e0000 - 0x0000000059208000 	C:\Program Files\Java\jdk1.8.0_20\jre\bin\java.dll
0x00000000591c0000 - 0x00000000591d6000 	C:\Program Files\Java\jdk1.8.0_20\jre\bin\zip.dll
0x00007ffeda0a0000 - 0x00007ffeda229000 	C:\WINDOWS\SYSTEM32\dbghelp.dll

VM Arguments:
jvm_args: -Xmx1024M -Dfile.encoding=windows-1252 -Duser.country=US -Duser.language=en -Duser.variant 
java_command: com.android.dx.command.Main --dex --num-threads=4 --output C:\Users\Paopao\AndroidStudioProjects\TriathlonRegistration\app\build\intermediates\pre-dexed\debug\classes-c448501d9e58a84b9e381adf38ca7618a5898649.jar C:\Users\Paopao\AndroidStudioProjects\TriathlonRegistration\app\build\intermediates\exploded-aar\com.android.support\support-v4\23.0.1\jars\classes.jar
java_class_path (initial): C:\Users\Paopao\AppData\Local\Android\sdk\build-tools\23.0.1\lib\dx.jar
Launcher Type: SUN_STANDARD

Environment Variables:
JAVA_HOME=C:\Program Files\Java\jdk1.8.0_20
PATH=C:\Program Files (x86)\NVIDIA Corporation\PhysX\Common;C:\ProgramData\Oracle\Java\javapath;C:\Program Files\Broadcom\Broadcom 802.11 Network Adapter;;C:\Program Files (x86)\Intel\iCLS Client\;C:\Program Files\Intel\iCLS Client\;C:\WINDOWS\system32;C:\WINDOWS;C:\WINDOWS\System32\Wbem;C:\WINDOWS\System32\WindowsPowerShell\v1.0\;C:\Program Files\WIDCOMM\Bluetooth Software\;C:\Program Files\WIDCOMM\Bluetooth Software\syswow64;C:\Program Files\Intel\Intel(R) Management Engine Components\DAL;C:\Program Files\Intel\Intel(R) Management Engine Components\IPT;C:\Program Files (x86)\Intel\Intel(R) Management Engine Components\DAL;C:\Program Files (x86)\Intel\Intel(R) Management Engine Components\IPT
USERNAME=Paopao
OS=Windows_NT
PROCESSOR_IDENTIFIER=Intel64 Family 6 Model 60 Stepping 3, GenuineIntel



---------------  S Y S T E M  ---------------

OS: Windows 8.1 , 64 bit Build 9600 

CPU:total 4 (4 cores per cpu, 1 threads per core) family 6 model 60 stepping 3, cmov, cx8, fxsr, mmx, sse, sse2, sse3, ssse3, sse4.1, sse4.2, popcnt, avx, avx2, aes, clmul, erms, lzcnt, tsc, tscinvbit, bmi1, bmi2

Memory: 4k page, physical 8313708k(620396k free), swap 11459436k(12356k free)

vm_info: Java HotSpot(TM) 64-Bit Server VM (25.20-b23) for windows-amd64 JRE (1.8.0_20-b26), built on Jul 30 2014 13:51:23 by "java_re" with MS VC++ 10.0 (VS2010)

time: Sat Oct 03 06:43:41 2015
elapsed time: 6 seconds (0d 0h 0m 6s)

