#
# There is insufficient memory for the Java Runtime Environment to continue.
# Native memory allocation (malloc) failed to allocate 44816 bytes for Chunk::new
# Possible reasons:
#   The system is out of physical RAM or swap space
#   In 32 bit mode, the process size limit was hit
# Possible solutions:
#   Reduce memory load on the system
#   Increase physical memory or swap space
#   Check if swap backing store is full
#   Use 64 bit Java on a 64 bit OS
#   Decrease Java heap size (-Xmx/-Xms)
#   Decrease number of Java threads
#   Decrease Java thread stack sizes (-Xss)
#   Set larger code cache with -XX:ReservedCodeCacheSize=
# This output file may be truncated or incomplete.
#
#  Out of Memory Error (allocation.cpp:390), pid=21976, tid=29524
#
# JRE version: Java(TM) SE Runtime Environment (8.0_20-b26) (build 1.8.0_20-b26)
# Java VM: Java HotSpot(TM) 64-Bit Server VM (25.20-b23 mixed mode windows-amd64 compressed oops)
# Failed to write core dump. Minidumps are not enabled by default on client versions of Windows
#

---------------  T H R E A D  ---------------

Current thread (0x00000000152f8000):  JavaThread "C2 CompilerThread0" daemon [_thread_in_native, id=29524, stack(0x0000000016850000,0x0000000016950000)]

Stack: [0x0000000016850000,0x0000000016950000]
Native frames: (J=compiled Java code, j=interpreted, Vv=VM code, C=native code)
V  [jvm.dll+0x3152fa]


Current CompileTask:
C2:   2555  700       4       java.util.HashSet::contains (9 bytes)


---------------  P R O C E S S  ---------------

Java Threads: ( => current thread )
  0x0000000016faf000 JavaThread "pool-1-thread-4" [_thread_blocked, id=28600, stack(0x0000000017550000,0x0000000017650000)]
  0x0000000016fa8800 JavaThread "pool-1-thread-3" [_thread_blocked, id=2988, stack(0x0000000017450000,0x0000000017550000)]
  0x0000000016f9a000 JavaThread "pool-1-thread-2" [_thread_blocked, id=29032, stack(0x0000000017350000,0x0000000017450000)]
  0x0000000016f98800 JavaThread "pool-2-thread-1" [_thread_blocked, id=21820, stack(0x0000000017250000,0x0000000017350000)]
  0x0000000016f96000 JavaThread "pool-1-thread-1" [_thread_blocked, id=26728, stack(0x0000000017150000,0x0000000017250000)]
  0x000000001534a800 JavaThread "Service Thread" daemon [_thread_blocked, id=29204, stack(0x0000000016b50000,0x0000000016c50000)]
  0x0000000015340000 JavaThread "C1 CompilerThread2" daemon [_thread_blocked, id=28076, stack(0x0000000016a50000,0x0000000016b50000)]
  0x000000001533d800 JavaThread "C2 CompilerThread1" daemon [_thread_in_native, id=28592, stack(0x0000000016950000,0x0000000016a50000)]
=>0x00000000152f8000 JavaThread "C2 CompilerThread0" daemon [_thread_in_native, id=29524, stack(0x0000000016850000,0x0000000016950000)]
  0x00000000152f6800 JavaThread "Attach Listener" daemon [_thread_blocked, id=28660, stack(0x0000000016750000,0x0000000016850000)]
  0x00000000152f4800 JavaThread "Signal Dispatcher" daemon [_thread_blocked, id=29140, stack(0x0000000016650000,0x0000000016750000)]
  0x0000000002c10800 JavaThread "Finalizer" daemon [_thread_blocked, id=26224, stack(0x0000000016550000,0x0000000016650000)]
  0x0000000002c0d000 JavaThread "Reference Handler" daemon [_thread_blocked, id=28944, stack(0x0000000016450000,0x0000000016550000)]
  0x0000000002b20800 JavaThread "main" [_thread_in_vm, id=22588, stack(0x0000000002a20000,0x0000000002b20000)]

Other Threads:
  0x00000000152b5800 VMThread [stack: 0x0000000016350000,0x0000000016450000] [id=25620]
  0x000000001534d000 WatcherThread [stack: 0x0000000016c50000,0x0000000016d50000] [id=27972]

VM state:not at safepoint (normal execution)

VM Mutex/Monitor currently owned by a thread:  ([mutex/lock_event])
[0x000000000291ce50] MethodData_lock - owner thread: 0x0000000002b20800

Heap:
 PSYoungGen      total 38400K, used 14693K [0x00000000eab00000, 0x00000000ed580000, 0x0000000100000000)
  eden space 33280K, 44% used [0x00000000eab00000,0x00000000eb959570,0x00000000ecb80000)
  from space 5120K, 0% used [0x00000000ed080000,0x00000000ed080000,0x00000000ed580000)
  to   space 5120K, 0% used [0x00000000ecb80000,0x00000000ecb80000,0x00000000ed080000)
 ParOldGen       total 87552K, used 0K [0x00000000c0000000, 0x00000000c5580000, 0x00000000eab00000)
  object space 87552K, 0% used [0x00000000c0000000,0x00000000c0000000,0x00000000c5580000)
 Metaspace       used 5503K, capacity 6640K, committed 6784K, reserved 1056768K
  class space    used 580K, capacity 616K, committed 640K, reserved 1048576K

Card table byte_map: [0x0000000011fe0000,0x00000000121f0000] byte_map_base: 0x00000000119e0000

Marking Bits: (ParMarkBitMap*) 0x00000000599fb460
 Begin Bits: [0x0000000012750000, 0x0000000013750000)
 End Bits:   [0x0000000013750000, 0x0000000014750000)

Polling page: 0x0000000002880000

CodeCache: size=245760Kb used=2775Kb max_used=2786Kb free=242984Kb
 bounds [0x0000000002c20000, 0x0000000002ee0000, 0x0000000011c20000]
 total_blobs=989 nmethods=725 adapters=178
 compilation: enabled

Compilation events (10 events):
Event: 2.552 Thread 0x000000001533d800 nmethod 708 0x0000000002e86150 code [0x0000000002e86280, 0x0000000002e86318]
Event: 2.552 Thread 0x000000001533d800  712       4       com.android.dx.ssa.SsaBasicBlock::isReachable (29 bytes)
Event: 2.552 Thread 0x0000000015340000 nmethod 684 0x0000000002ece110 code [0x0000000002ece2e0, 0x0000000002ecead8]
Event: 2.552 Thread 0x0000000015340000  685       3       java.util.Collections$UnmodifiableRandomAccessList::<init> (6 bytes)
Event: 2.552 Thread 0x0000000015340000 nmethod 685 0x0000000002ecda50 code [0x0000000002ecdbe0, 0x0000000002ecdf68]
Event: 2.552 Thread 0x0000000015340000  709       3       com.android.dx.ssa.LiteralOpUpgrader::tryReplacingWithConstant (161 bytes)
Event: 2.552 Thread 0x000000001533d800 nmethod 712 0x0000000002ecd6d0 code [0x0000000002ecd820, 0x0000000002ecd8e8]
Event: 2.552 Thread 0x000000001533d800  713       4       com.android.dx.ssa.SsaBasicBlock::forEachInsn (37 bytes)
Event: 2.552 Thread 0x0000000015340000 nmethod 709 0x0000000002ed0610 code [0x0000000002ed08a0, 0x0000000002ed1d98]
Event: 2.553 Thread 0x0000000015340000  714       3       com.android.dx.ssa.SsaMethod::forEachInsn (36 bytes)

GC Heap History (0 events):
No events

Deoptimization events (0 events):
No events

Internal exceptions (10 events):
Event: 2.502 Thread 0x0000000016faf000 Exception <a 'java/security/PrivilegedActionException'> (0x00000000eb2d42b0) thrown at [D:\re\workspace\8-2-build-windows-amd64-cygwin\jdk8u20\1074\hotspot\src\share\vm\prims\jvm.cpp, line 1275]
Event: 2.502 Thread 0x0000000016fa8800 Exception <a 'java/security/PrivilegedActionException'> (0x00000000eb732050) thrown at [D:\re\workspace\8-2-build-windows-amd64-cygwin\jdk8u20\1074\hotspot\src\share\vm\prims\jvm.cpp, line 1275]
Event: 2.503 Thread 0x0000000016faf000 Exception <a 'java/security/PrivilegedActionException'> (0x00000000eb2d8858) thrown at [D:\re\workspace\8-2-build-windows-amd64-cygwin\jdk8u20\1074\hotspot\src\share\vm\prims\jvm.cpp, line 1275]
Event: 2.504 Thread 0x0000000016f96000 Exception <a 'java/security/PrivilegedActionException'> (0x00000000eb24ccb8) thrown at [D:\re\workspace\8-2-build-windows-amd64-cygwin\jdk8u20\1074\hotspot\src\share\vm\prims\jvm.cpp, line 1275]
Event: 2.504 Thread 0x0000000016f96000 Exception <a 'java/security/PrivilegedActionException'> (0x00000000eb24ff08) thrown at [D:\re\workspace\8-2-build-windows-amd64-cygwin\jdk8u20\1074\hotspot\src\share\vm\prims\jvm.cpp, line 1275]
Event: 2.510 Thread 0x0000000002b20800 Exception <a 'java/security/PrivilegedActionException'> (0x00000000eb5f2a28) thrown at [D:\re\workspace\8-2-build-windows-amd64-cygwin\jdk8u20\1074\hotspot\src\share\vm\prims\jvm.cpp, line 1275]
Event: 2.518 Thread 0x0000000016f96000 Exception <a 'java/security/PrivilegedActionException'> (0x00000000eb2cd240) thrown at [D:\re\workspace\8-2-build-windows-amd64-cygwin\jdk8u20\1074\hotspot\src\share\vm\prims\jvm.cpp, line 1275]
Event: 2.542 Thread 0x0000000016fa8800 Exception <a 'java/security/PrivilegedActionException'> (0x00000000eb74e378) thrown at [D:\re\workspace\8-2-build-windows-amd64-cygwin\jdk8u20\1074\hotspot\src\share\vm\prims\jvm.cpp, line 1275]
Event: 2.543 Thread 0x0000000016fa8800 Exception <a 'java/security/PrivilegedActionException'> (0x00000000eb753de0) thrown at [D:\re\workspace\8-2-build-windows-amd64-cygwin\jdk8u20\1074\hotspot\src\share\vm\prims\jvm.cpp, line 1275]
Event: 2.545 Thread 0x0000000016fa8800 Exception <a 'java/security/PrivilegedActionException'> (0x00000000eb7595f0) thrown at [D:\re\workspace\8-2-build-windows-amd64-cygwin\jdk8u20\1074\hotspot\src\share\vm\prims\jvm.cpp, line 1275]

Events (10 events):
Event: 2.518 loading class com/android/dx/dex/file/MethodAnnotationStruct
Event: 2.518 loading class com/android/dx/dex/file/MethodAnnotationStruct done
Event: 2.542 loading class com/android/dx/dex/file/ParameterAnnotationStruct
Event: 2.542 loading class com/android/dx/dex/file/ParameterAnnotationStruct done
Event: 2.543 loading class com/android/dx/dex/file/UniformListItem
Event: 2.543 loading class com/android/dx/dex/file/UniformListItem done
Event: 2.545 loading class com/android/dx/dex/file/AnnotationSetRefItem
Event: 2.545 loading class com/android/dx/dex/file/AnnotationSetRefItem done
Event: 2.551 loading class java/util/ArrayList$1
Event: 2.551 loading class java/util/ArrayList$1 done


Dynamic libraries:
0x00007ff638d10000 - 0x00007ff638d44000 	C:\Program Files\Java\jdk1.8.0_20\bin\java.exe
0x00007ffee1e40000 - 0x00007ffee1fec000 	C:\WINDOWS\SYSTEM32\ntdll.dll
0x00007ffedffc0000 - 0x00007ffee00fe000 	C:\WINDOWS\system32\KERNEL32.DLL
0x00007ffedf0d0000 - 0x00007ffedf1e5000 	C:\WINDOWS\system32\KERNELBASE.dll
0x00007ffeddb40000 - 0x00007ffeddbce000 	C:\WINDOWS\system32\apphelp.dll
0x00007ffecd6d0000 - 0x00007ffecd723000 	C:\WINDOWS\AppPatch\AppPatch64\AcGenral.DLL
0x00007ffee1760000 - 0x00007ffee180a000 	C:\WINDOWS\system32\msvcrt.dll
0x00007ffedee40000 - 0x00007ffedee6e000 	C:\WINDOWS\SYSTEM32\SspiCli.dll
0x00007ffedfd50000 - 0x00007ffedfda4000 	C:\WINDOWS\system32\SHLWAPI.dll
0x00007ffedfe40000 - 0x00007ffedffb7000 	C:\WINDOWS\system32\USER32.dll
0x00007ffedf7e0000 - 0x00007ffedf974000 	C:\WINDOWS\system32\ole32.dll
0x00007ffee0160000 - 0x00007ffee1679000 	C:\WINDOWS\system32\SHELL32.dll
0x00007ffede5c0000 - 0x00007ffede5e1000 	C:\WINDOWS\SYSTEM32\USERENV.dll
0x00007ffee1d90000 - 0x00007ffee1e3a000 	C:\WINDOWS\system32\ADVAPI32.dll
0x00007ffece5d0000 - 0x00007ffece5ee000 	C:\WINDOWS\SYSTEM32\MPR.dll
0x00007ffee1c40000 - 0x00007ffee1d81000 	C:\WINDOWS\system32\RPCRT4.dll
0x00007ffedfba0000 - 0x00007ffedfbf9000 	C:\WINDOWS\SYSTEM32\sechost.dll
0x00007ffedf980000 - 0x00007ffedfb91000 	C:\WINDOWS\SYSTEM32\combase.dll
0x00007ffedfc00000 - 0x00007ffedfd4f000 	C:\WINDOWS\system32\GDI32.dll
0x00007ffedefa0000 - 0x00007ffedefb5000 	C:\WINDOWS\SYSTEM32\profapi.dll
0x00007ffedd4f0000 - 0x00007ffedd5a2000 	C:\WINDOWS\SYSTEM32\SHCORE.dll
0x00007ffee1810000 - 0x00007ffee1846000 	C:\WINDOWS\system32\IMM32.DLL
0x00007ffee1920000 - 0x00007ffee1a72000 	C:\WINDOWS\system32\MSCTF.dll
0x00007ffedcbd0000 - 0x00007ffedce4a000 	C:\WINDOWS\WinSxS\amd64_microsoft.windows.common-controls_6595b64144ccf1df_6.0.9600.17810_none_6240b9c7ecbd0bda\COMCTL32.dll
0x0000000058d70000 - 0x0000000058e42000 	C:\Program Files\Java\jdk1.8.0_20\jre\bin\msvcr100.dll
0x0000000059220000 - 0x0000000059a78000 	C:\Program Files\Java\jdk1.8.0_20\jre\bin\server\jvm.dll
0x00007ffed5c30000 - 0x00007ffed5c39000 	C:\WINDOWS\SYSTEM32\WSOCK32.dll
0x00007ffedb400000 - 0x00007ffedb422000 	C:\WINDOWS\SYSTEM32\WINMM.dll
0x00007ffedf7d0000 - 0x00007ffedf7d7000 	C:\WINDOWS\system32\PSAPI.DLL
0x00007ffee0100000 - 0x00007ffee015a000 	C:\WINDOWS\system32\WS2_32.dll
0x00007ffedb350000 - 0x00007ffedb37a000 	C:\WINDOWS\SYSTEM32\WINMMBASE.dll
0x00007ffee1740000 - 0x00007ffee1749000 	C:\WINDOWS\system32\NSI.dll
0x00007ffedf2a0000 - 0x00007ffedf2ef000 	C:\WINDOWS\SYSTEM32\cfgmgr32.dll
0x00007ffeddd90000 - 0x00007ffedddb8000 	C:\WINDOWS\SYSTEM32\DEVOBJ.dll
0x0000000059210000 - 0x000000005921f000 	C:\Program Files\Java\jdk1.8.0_20\jre\bin\verify.dll
0x00000000591e0000 - 0x0000000059208000 	C:\Program Files\Java\jdk1.8.0_20\jre\bin\java.dll
0x00000000591c0000 - 0x00000000591d6000 	C:\Program Files\Java\jdk1.8.0_20\jre\bin\zip.dll

VM Arguments:
jvm_args: -Xmx1024M -Dfile.encoding=windows-1252 -Duser.country=US -Duser.language=en -Duser.variant 
java_command: com.android.dx.command.Main --dex --num-threads=4 --output C:\Users\Paopao\AndroidStudioProjects\TriathlonRegistration\app\build\intermediates\pre-dexed\debug\classes-f7e26db8b8803eb6344618baccc4bf9e01a3ced0.jar C:\Users\Paopao\AndroidStudioProjects\TriathlonRegistration\app\build\intermediates\exploded-aar\com.android.support\appcompat-v7\23.0.1\jars\classes.jar
java_class_path (initial): C:\Users\Paopao\AppData\Local\Android\sdk\build-tools\23.0.1\lib\dx.jar
Launcher Type: SUN_STANDARD

Environment Variables:
JAVA_HOME=C:\Program Files\Java\jdk1.8.0_20
PATH=C:\Program Files (x86)\NVIDIA Corporation\PhysX\Common;C:\ProgramData\Oracle\Java\javapath;C:\Program Files\Broadcom\Broadcom 802.11 Network Adapter;;C:\Program Files (x86)\Intel\iCLS Client\;C:\Program Files\Intel\iCLS Client\;C:\WINDOWS\system32;C:\WINDOWS;C:\WINDOWS\System32\Wbem;C:\WINDOWS\System32\WindowsPowerShell\v1.0\;C:\Program Files\WIDCOMM\Bluetooth Software\;C:\Program Files\WIDCOMM\Bluetooth Software\syswow64;C:\Program Files\Intel\Intel(R) Management Engine Components\DAL;C:\Program Files\Intel\Intel(R) Management Engine Components\IPT;C:\Program Files (x86)\Intel\Intel(R) Management Engine Components\DAL;C:\Program Files (x86)\Intel\Intel(R) Management Engine Components\IPT
USERNAME=Paopao
OS=Windows_NT
PROCESSOR_IDENTIFIER=Intel64 Family 6 Model 60 Stepping 3, GenuineIntel



---------------  S Y S T E M  ---------------

OS: Windows 8.1 , 64 bit Build 9600 

CPU:total 4 (4 cores per cpu, 1 threads per core) family 6 model 60 stepping 3, cmov, cx8, fxsr, mmx, sse, sse2, sse3, ssse3, sse4.1, sse4.2, popcnt, avx, avx2, aes, clmul, erms, lzcnt, tsc, tscinvbit, bmi1, bmi2

Memory: 4k page, physical 8313708k(762404k free), swap 11459436k(4956k free)

vm_info: Java HotSpot(TM) 64-Bit Server VM (25.20-b23) for windows-amd64 JRE (1.8.0_20-b26), built on Jul 30 2014 13:51:23 by "java_re" with MS VC++ 10.0 (VS2010)

time: Sat Oct 03 06:42:14 2015
elapsed time: 2 seconds (0d 0h 0m 2s)

